<?xml version="1.0" encoding="UTF-8"?>
<testsuite xmlns:xsi="http://www.w3.org/2001/XMLSchema-instance" xsi:noNamespaceSchemaLocation="https://maven.apache.org/surefire/maven-surefire-plugin/xsd/surefire-test-report.xsd" name="at.fhv.ProjectApprovalIntegrationTest" time="55.866" tests="2" errors="1" skipped="0" failures="0">
  <properties>
    <property name="awt.toolkit" value="sun.awt.X11.XToolkit"/>
    <property name="java.specification.version" value="11"/>
    <property name="sun.cpu.isalist" value=""/>
    <property name="sun.jnu.encoding" value="UTF-8"/>
    <property name="java.class.path" value="/mnt/c/Users/Marcus/Desktop/Hauptordner/Studium/Masterstudium/1. Semester/SLQ/Sieber/project-approval-process/target/test-classes:/mnt/c/Users/Marcus/Desktop/Hauptordner/Studium/Masterstudium/1. Semester/SLQ/Sieber/project-approval-process/target/classes:/home/bente/.m2/repository/org/camunda/bpm/springboot/camunda-bpm-spring-boot-starter-rest/7.14.0/camunda-bpm-spring-boot-starter-rest-7.14.0.jar:/home/bente/.m2/repository/org/camunda/bpm/springboot/camunda-bpm-spring-boot-starter/7.14.0/camunda-bpm-spring-boot-starter-7.14.0.jar:/home/bente/.m2/repository/org/camunda/bpm/camunda-engine-spring/7.14.0/camunda-engine-spring-7.14.0.jar:/home/bente/.m2/repository/org/camunda/bpm/camunda-engine/7.14.0/camunda-engine-7.14.0.jar:/home/bente/.m2/repository/org/camunda/bpm/model/camunda-bpmn-model/7.14.0/camunda-bpmn-model-7.14.0.jar:/home/bente/.m2/repository/org/camunda/bpm/model/camunda-xml-model/7.14.0/camunda-xml-model-7.14.0.jar:/home/bente/.m2/repository/org/camunda/bpm/model/camunda-cmmn-model/7.14.0/camunda-cmmn-model-7.14.0.jar:/home/bente/.m2/repository/org/camunda/bpm/dmn/camunda-engine-dmn/7.14.0/camunda-engine-dmn-7.14.0.jar:/home/bente/.m2/repository/org/camunda/commons/camunda-commons-utils/1.9.0/camunda-commons-utils-1.9.0.jar:/home/bente/.m2/repository/org/camunda/bpm/model/camunda-dmn-model/7.14.0/camunda-dmn-model-7.14.0.jar:/home/bente/.m2/repository/org/camunda/bpm/dmn/camunda-engine-feel-api/7.14.0/camunda-engine-feel-api-7.14.0.jar:/home/bente/.m2/repository/org/camunda/bpm/dmn/camunda-engine-feel-juel/7.14.0/camunda-engine-feel-juel-7.14.0.jar:/home/bente/.m2/repository/org/camunda/bpm/dmn/camunda-engine-feel-scala/7.14.0/camunda-engine-feel-scala-7.14.0.jar:/home/bente/.m2/repository/org/camunda/commons/camunda-commons-logging/1.9.0/camunda-commons-logging-1.9.0.jar:/home/bente/.m2/repository/org/camunda/commons/camunda-commons-typed-values/7.14.0/camunda-commons-typed-values-7.14.0.jar:/home/bente/.m2/repository/org/mybatis/mybatis/3.5.3/mybatis-3.5.3.jar:/home/bente/.m2/repository/joda-time/joda-time/2.1/joda-time-2.1.jar:/home/bente/.m2/repository/org/camunda/connect/camunda-connect-core/1.5.0/camunda-connect-core-1.5.0.jar:/home/bente/.m2/repository/org/camunda/connect/camunda-connect-connectors-all/1.5.0/camunda-connect-connectors-all-1.5.0.jar:/home/bente/.m2/repository/commons-dbcp/commons-dbcp/1.4/commons-dbcp-1.4.jar:/home/bente/.m2/repository/commons-pool/commons-pool/1.6/commons-pool-1.6.jar:/home/bente/.m2/repository/org/springframework/spring-context/5.2.7.RELEASE/spring-context-5.2.7.RELEASE.jar:/home/bente/.m2/repository/org/springframework/spring-aop/5.2.7.RELEASE/spring-aop-5.2.7.RELEASE.jar:/home/bente/.m2/repository/org/springframework/spring-expression/5.2.7.RELEASE/spring-expression-5.2.7.RELEASE.jar:/home/bente/.m2/repository/org/springframework/spring-tx/5.2.7.RELEASE/spring-tx-5.2.7.RELEASE.jar:/home/bente/.m2/repository/org/springframework/spring-orm/5.2.7.RELEASE/spring-orm-5.2.7.RELEASE.jar:/home/bente/.m2/repository/org/springframework/boot/spring-boot-loader-tools/2.3.1.RELEASE/spring-boot-loader-tools-2.3.1.RELEASE.jar:/home/bente/.m2/repository/org/apache/commons/commons-compress/1.19/commons-compress-1.19.jar:/home/bente/.m2/repository/org/springframework/boot/spring-boot-autoconfigure/2.3.1.RELEASE/spring-boot-autoconfigure-2.3.1.RELEASE.jar:/home/bente/.m2/repository/com/fasterxml/uuid/java-uuid-generator/3.2.0/java-uuid-generator-3.2.0.jar:/home/bente/.m2/repository/org/camunda/bpm/camunda-engine-rest-jaxrs2/7.14.0/camunda-engine-rest-jaxrs2-7.14.0.jar:/home/bente/.m2/repository/commons-fileupload/commons-fileupload/1.3.3/commons-fileupload-1.3.3.jar:/home/bente/.m2/repository/commons-io/commons-io/2.0.1/commons-io-2.0.1.jar:/home/bente/.m2/repository/com/fasterxml/jackson/jaxrs/jackson-jaxrs-json-provider/2.11.0/jackson-jaxrs-json-provider-2.11.0.jar:/home/bente/.m2/repository/com/fasterxml/jackson/jaxrs/jackson-jaxrs-base/2.11.0/jackson-jaxrs-base-2.11.0.jar:/home/bente/.m2/repository/com/fasterxml/jackson/module/jackson-module-jaxb-annotations/2.11.0/jackson-module-jaxb-annotations-2.11.0.jar:/home/bente/.m2/repository/com/fasterxml/jackson/core/jackson-databind/2.11.0/jackson-databind-2.11.0.jar:/home/bente/.m2/repository/com/fasterxml/jackson/core/jackson-annotations/2.11.0/jackson-annotations-2.11.0.jar:/home/bente/.m2/repository/com/fasterxml/jackson/core/jackson-core/2.11.0/jackson-core-2.11.0.jar:/home/bente/.m2/repository/org/springframework/boot/spring-boot-starter-jersey/2.3.1.RELEASE/spring-boot-starter-jersey-2.3.1.RELEASE.jar:/home/bente/.m2/repository/org/springframework/boot/spring-boot-starter-json/2.3.1.RELEASE/spring-boot-starter-json-2.3.1.RELEASE.jar:/home/bente/.m2/repository/com/fasterxml/jackson/datatype/jackson-datatype-jdk8/2.11.0/jackson-datatype-jdk8-2.11.0.jar:/home/bente/.m2/repository/com/fasterxml/jackson/datatype/jackson-datatype-jsr310/2.11.0/jackson-datatype-jsr310-2.11.0.jar:/home/bente/.m2/repository/com/fasterxml/jackson/module/jackson-module-parameter-names/2.11.0/jackson-module-parameter-names-2.11.0.jar:/home/bente/.m2/repository/org/springframework/boot/spring-boot-starter-tomcat/2.3.1.RELEASE/spring-boot-starter-tomcat-2.3.1.RELEASE.jar:/home/bente/.m2/repository/org/apache/tomcat/embed/tomcat-embed-core/9.0.36/tomcat-embed-core-9.0.36.jar:/home/bente/.m2/repository/org/glassfish/jakarta.el/3.0.3/jakarta.el-3.0.3.jar:/home/bente/.m2/repository/org/apache/tomcat/embed/tomcat-embed-websocket/9.0.36/tomcat-embed-websocket-9.0.36.jar:/home/bente/.m2/repository/org/springframework/boot/spring-boot-starter-validation/2.3.1.RELEASE/spring-boot-starter-validation-2.3.1.RELEASE.jar:/home/bente/.m2/repository/org/hibernate/validator/hibernate-validator/6.1.5.Final/hibernate-validator-6.1.5.Final.jar:/home/bente/.m2/repository/org/jboss/logging/jboss-logging/3.4.1.Final/jboss-logging-3.4.1.Final.jar:/home/bente/.m2/repository/com/fasterxml/classmate/1.5.1/classmate-1.5.1.jar:/home/bente/.m2/repository/org/springframework/spring-web/5.2.7.RELEASE/spring-web-5.2.7.RELEASE.jar:/home/bente/.m2/repository/org/glassfish/jersey/core/jersey-server/2.30.1/jersey-server-2.30.1.jar:/home/bente/.m2/repository/org/glassfish/jersey/core/jersey-common/2.30.1/jersey-common-2.30.1.jar:/home/bente/.m2/repository/org/glassfish/hk2/osgi-resource-locator/1.0.3/osgi-resource-locator-1.0.3.jar:/home/bente/.m2/repository/com/sun/activation/jakarta.activation/1.2.2/jakarta.activation-1.2.2.jar:/home/bente/.m2/repository/org/glassfish/jersey/core/jersey-client/2.30.1/jersey-client-2.30.1.jar:/home/bente/.m2/repository/jakarta/ws/rs/jakarta.ws.rs-api/2.1.6/jakarta.ws.rs-api-2.1.6.jar:/home/bente/.m2/repository/org/glassfish/jersey/media/jersey-media-jaxb/2.30.1/jersey-media-jaxb-2.30.1.jar:/home/bente/.m2/repository/org/glassfish/hk2/external/jakarta.inject/2.6.1/jakarta.inject-2.6.1.jar:/home/bente/.m2/repository/jakarta/validation/jakarta.validation-api/2.0.2/jakarta.validation-api-2.0.2.jar:/home/bente/.m2/repository/org/glassfish/jersey/containers/jersey-container-servlet-core/2.30.1/jersey-container-servlet-core-2.30.1.jar:/home/bente/.m2/repository/org/glassfish/jersey/containers/jersey-container-servlet/2.30.1/jersey-container-servlet-2.30.1.jar:/home/bente/.m2/repository/org/glassfish/jersey/ext/jersey-bean-validation/2.30.1/jersey-bean-validation-2.30.1.jar:/home/bente/.m2/repository/org/glassfish/jersey/ext/jersey-spring5/2.30.1/jersey-spring5-2.30.1.jar:/home/bente/.m2/repository/org/glassfish/jersey/inject/jersey-hk2/2.30.1/jersey-hk2-2.30.1.jar:/home/bente/.m2/repository/org/glassfish/hk2/hk2-locator/2.6.1/hk2-locator-2.6.1.jar:/home/bente/.m2/repository/org/glassfish/hk2/external/aopalliance-repackaged/2.6.1/aopalliance-repackaged-2.6.1.jar:/home/bente/.m2/repository/org/javassist/javassist/3.25.0-GA/javassist-3.25.0-GA.jar:/home/bente/.m2/repository/org/glassfish/hk2/hk2/2.6.1/hk2-2.6.1.jar:/home/bente/.m2/repository/org/glassfish/hk2/hk2-utils/2.6.1/hk2-utils-2.6.1.jar:/home/bente/.m2/repository/org/glassfish/hk2/hk2-api/2.6.1/hk2-api-2.6.1.jar:/home/bente/.m2/repository/org/glassfish/hk2/hk2-core/2.6.1/hk2-core-2.6.1.jar:/home/bente/.m2/repository/org/glassfish/hk2/hk2-runlevel/2.6.1/hk2-runlevel-2.6.1.jar:/home/bente/.m2/repository/org/glassfish/hk2/class-model/2.6.1/class-model-2.6.1.jar:/home/bente/.m2/repository/org/ow2/asm/asm/7.1/asm-7.1.jar:/home/bente/.m2/repository/org/ow2/asm/asm-analysis/7.1/asm-analysis-7.1.jar:/home/bente/.m2/repository/org/ow2/asm/asm-commons/7.1/asm-commons-7.1.jar:/home/bente/.m2/repository/org/ow2/asm/asm-tree/7.1/asm-tree-7.1.jar:/home/bente/.m2/repository/org/ow2/asm/asm-util/7.1/asm-util-7.1.jar:/home/bente/.m2/repository/org/glassfish/hk2/spring-bridge/2.6.1/spring-bridge-2.6.1.jar:/home/bente/.m2/repository/org/glassfish/jersey/media/jersey-media-json-jackson/2.30.1/jersey-media-json-jackson-2.30.1.jar:/home/bente/.m2/repository/org/glassfish/jersey/ext/jersey-entity-filtering/2.30.1/jersey-entity-filtering-2.30.1.jar:/home/bente/.m2/repository/org/camunda/bpm/springboot/camunda-bpm-spring-boot-starter-webapp/7.14.0/camunda-bpm-spring-boot-starter-webapp-7.14.0.jar:/home/bente/.m2/repository/org/camunda/bpm/springboot/camunda-bpm-spring-boot-starter-webapp-core/7.14.0/camunda-bpm-spring-boot-starter-webapp-core-7.14.0.jar:/home/bente/.m2/repository/org/camunda/bpm/webapp/camunda-webapp/7.14.0/camunda-webapp-7.14.0-classes.jar:/home/bente/.m2/repository/org/springframework/boot/spring-boot-starter-web/2.3.1.RELEASE/spring-boot-starter-web-2.3.1.RELEASE.jar:/home/bente/.m2/repository/org/springframework/spring-webmvc/5.2.7.RELEASE/spring-webmvc-5.2.7.RELEASE.jar:/home/bente/.m2/repository/org/camunda/bpm/webapp/camunda-webapp-webjar/7.14.0/camunda-webapp-webjar-7.14.0.jar:/home/bente/.m2/repository/org/camunda/bpm/springboot/camunda-bpm-spring-boot-starter-test/7.14.0/camunda-bpm-spring-boot-starter-test-7.14.0.jar:/home/bente/.m2/repository/org/springframework/boot/spring-boot-starter-test/2.3.1.RELEASE/spring-boot-starter-test-2.3.1.RELEASE.jar:/home/bente/.m2/repository/org/springframework/boot/spring-boot-test/2.3.1.RELEASE/spring-boot-test-2.3.1.RELEASE.jar:/home/bente/.m2/repository/org/springframework/boot/spring-boot-test-autoconfigure/2.3.1.RELEASE/spring-boot-test-autoconfigure-2.3.1.RELEASE.jar:/home/bente/.m2/repository/com/jayway/jsonpath/json-path/2.4.0/json-path-2.4.0.jar:/home/bente/.m2/repository/net/minidev/json-smart/2.3/json-smart-2.3.jar:/home/bente/.m2/repository/net/minidev/accessors-smart/1.2/accessors-smart-1.2.jar:/home/bente/.m2/repository/jakarta/xml/bind/jakarta.xml.bind-api/2.3.3/jakarta.xml.bind-api-2.3.3.jar:/home/bente/.m2/repository/jakarta/activation/jakarta.activation-api/1.2.2/jakarta.activation-api-1.2.2.jar:/home/bente/.m2/repository/org/assertj/assertj-core/3.16.1/assertj-core-3.16.1.jar:/home/bente/.m2/repository/org/hamcrest/hamcrest/2.2/hamcrest-2.2.jar:/home/bente/.m2/repository/org/junit/jupiter/junit-jupiter/5.6.2/junit-jupiter-5.6.2.jar:/home/bente/.m2/repository/org/junit/jupiter/junit-jupiter-api/5.6.2/junit-jupiter-api-5.6.2.jar:/home/bente/.m2/repository/org/opentest4j/opentest4j/1.2.0/opentest4j-1.2.0.jar:/home/bente/.m2/repository/org/junit/platform/junit-platform-commons/1.6.2/junit-platform-commons-1.6.2.jar:/home/bente/.m2/repository/org/junit/jupiter/junit-jupiter-params/5.6.2/junit-jupiter-params-5.6.2.jar:/home/bente/.m2/repository/org/junit/jupiter/junit-jupiter-engine/5.6.2/junit-jupiter-engine-5.6.2.jar:/home/bente/.m2/repository/org/junit/vintage/junit-vintage-engine/5.6.2/junit-vintage-engine-5.6.2.jar:/home/bente/.m2/repository/org/junit/platform/junit-platform-engine/1.6.2/junit-platform-engine-1.6.2.jar:/home/bente/.m2/repository/org/mockito/mockito-core/3.3.3/mockito-core-3.3.3.jar:/home/bente/.m2/repository/net/bytebuddy/byte-buddy/1.10.11/byte-buddy-1.10.11.jar:/home/bente/.m2/repository/net/bytebuddy/byte-buddy-agent/1.10.11/byte-buddy-agent-1.10.11.jar:/home/bente/.m2/repository/org/objenesis/objenesis/2.6/objenesis-2.6.jar:/home/bente/.m2/repository/org/mockito/mockito-junit-jupiter/3.3.3/mockito-junit-jupiter-3.3.3.jar:/home/bente/.m2/repository/org/skyscreamer/jsonassert/1.5.0/jsonassert-1.5.0.jar:/home/bente/.m2/repository/com/vaadin/external/google/android-json/0.0.20131108.vaadin1/android-json-0.0.20131108.vaadin1.jar:/home/bente/.m2/repository/org/springframework/spring-core/5.2.7.RELEASE/spring-core-5.2.7.RELEASE.jar:/home/bente/.m2/repository/org/springframework/spring-jcl/5.2.7.RELEASE/spring-jcl-5.2.7.RELEASE.jar:/home/bente/.m2/repository/org/springframework/spring-test/5.2.7.RELEASE/spring-test-5.2.7.RELEASE.jar:/home/bente/.m2/repository/org/xmlunit/xmlunit-core/2.7.0/xmlunit-core-2.7.0.jar:/home/bente/.m2/repository/org/camunda/bpm/assert/camunda-bpm-assert-assertj3-11-1/4.0.0/camunda-bpm-assert-assertj3-11-1-4.0.0.jar:/home/bente/.m2/repository/com/h2database/h2/1.4.200/h2-1.4.200.jar:/home/bente/.m2/repository/org/springframework/boot/spring-boot-starter-jdbc/2.3.1.RELEASE/spring-boot-starter-jdbc-2.3.1.RELEASE.jar:/home/bente/.m2/repository/org/springframework/boot/spring-boot-starter/2.3.1.RELEASE/spring-boot-starter-2.3.1.RELEASE.jar:/home/bente/.m2/repository/org/springframework/boot/spring-boot/2.3.1.RELEASE/spring-boot-2.3.1.RELEASE.jar:/home/bente/.m2/repository/org/springframework/boot/spring-boot-starter-logging/2.3.1.RELEASE/spring-boot-starter-logging-2.3.1.RELEASE.jar:/home/bente/.m2/repository/ch/qos/logback/logback-classic/1.2.3/logback-classic-1.2.3.jar:/home/bente/.m2/repository/ch/qos/logback/logback-core/1.2.3/logback-core-1.2.3.jar:/home/bente/.m2/repository/org/apache/logging/log4j/log4j-to-slf4j/2.13.3/log4j-to-slf4j-2.13.3.jar:/home/bente/.m2/repository/org/apache/logging/log4j/log4j-api/2.13.3/log4j-api-2.13.3.jar:/home/bente/.m2/repository/org/slf4j/jul-to-slf4j/1.7.30/jul-to-slf4j-1.7.30.jar:/home/bente/.m2/repository/jakarta/annotation/jakarta.annotation-api/1.3.5/jakarta.annotation-api-1.3.5.jar:/home/bente/.m2/repository/org/yaml/snakeyaml/1.26/snakeyaml-1.26.jar:/home/bente/.m2/repository/com/zaxxer/HikariCP/3.4.5/HikariCP-3.4.5.jar:/home/bente/.m2/repository/org/springframework/spring-jdbc/5.2.7.RELEASE/spring-jdbc-5.2.7.RELEASE.jar:/home/bente/.m2/repository/org/springframework/spring-beans/5.2.7.RELEASE/spring-beans-5.2.7.RELEASE.jar:/home/bente/.m2/repository/org/camunda/bpm/extension/mockito/camunda-bpm-mockito/4.12.0/camunda-bpm-mockito-4.12.0.jar:/home/bente/.m2/repository/com/google/code/findbugs/jsr305/3.0.1/jsr305-3.0.1.jar:/home/bente/.m2/repository/org/apache/commons/commons-lang3/3.10/commons-lang3-3.10.jar:/home/bente/.m2/repository/org/slf4j/slf4j-api/1.7.30/slf4j-api-1.7.30.jar:/home/bente/.m2/repository/io/cucumber/cucumber-java/6.8.2/cucumber-java-6.8.2.jar:/home/bente/.m2/repository/io/cucumber/cucumber-core/6.8.2/cucumber-core-6.8.2.jar:/home/bente/.m2/repository/io/cucumber/cucumber-gherkin/6.8.2/cucumber-gherkin-6.8.2.jar:/home/bente/.m2/repository/io/cucumber/cucumber-gherkin-messages/6.8.2/cucumber-gherkin-messages-6.8.2.jar:/home/bente/.m2/repository/io/cucumber/messages/13.1.0/messages-13.1.0.jar:/home/bente/.m2/repository/io/cucumber/tag-expressions/3.0.0/tag-expressions-3.0.0.jar:/home/bente/.m2/repository/io/cucumber/cucumber-expressions/10.3.0/cucumber-expressions-10.3.0.jar:/home/bente/.m2/repository/io/cucumber/datatable/3.5.0/datatable-3.5.0.jar:/home/bente/.m2/repository/io/cucumber/cucumber-plugin/6.8.2/cucumber-plugin-6.8.2.jar:/home/bente/.m2/repository/io/cucumber/docstring/6.8.2/docstring-6.8.2.jar:/home/bente/.m2/repository/io/cucumber/html-formatter/9.0.0/html-formatter-9.0.0.jar:/home/bente/.m2/repository/io/cucumber/create-meta/2.0.4/create-meta-2.0.4.jar:/home/bente/.m2/repository/org/apiguardian/apiguardian-api/1.1.0/apiguardian-api-1.1.0.jar:/home/bente/.m2/repository/io/cucumber/cucumber-junit/6.8.2/cucumber-junit-6.8.2.jar:/home/bente/.m2/repository/junit/junit/4.13/junit-4.13.jar:/home/bente/.m2/repository/org/hamcrest/hamcrest-core/2.2/hamcrest-core-2.2.jar:/home/bente/.m2/repository/io/cucumber/cucumber-spring/6.8.2/cucumber-spring-6.8.2.jar:"/>
    <property name="java.vm.vendor" value="Ubuntu"/>
    <property name="sun.arch.data.model" value="64"/>
    <property name="java.vendor.url" value="https://ubuntu.com/"/>
    <property name="user.timezone" value=""/>
    <property name="java.vm.specification.version" value="11"/>
    <property name="os.name" value="Linux"/>
    <property name="sun.java.launcher" value="SUN_STANDARD"/>
    <property name="sun.boot.library.path" value="/usr/lib/jvm/java-11-openjdk-amd64/lib"/>
    <property name="sun.java.command" value="/mnt/c/Users/Marcus/Desktop/Hauptordner/Studium/Masterstudium/1. Semester/SLQ/Sieber/project-approval-process/target/surefire/surefirebooter4866653712393001851.jar /mnt/c/Users/Marcus/Desktop/Hauptordner/Studium/Masterstudium/1. Semester/SLQ/Sieber/project-approval-process/target/surefire 2021-01-27T22-46-23_768-jvmRun1 surefire9674178582673309590tmp surefire_01782249366906059786tmp"/>
    <property name="jdk.debug" value="release"/>
    <property name="surefire.test.class.path" value="/mnt/c/Users/Marcus/Desktop/Hauptordner/Studium/Masterstudium/1. Semester/SLQ/Sieber/project-approval-process/target/test-classes:/mnt/c/Users/Marcus/Desktop/Hauptordner/Studium/Masterstudium/1. Semester/SLQ/Sieber/project-approval-process/target/classes:/home/bente/.m2/repository/org/camunda/bpm/springboot/camunda-bpm-spring-boot-starter-rest/7.14.0/camunda-bpm-spring-boot-starter-rest-7.14.0.jar:/home/bente/.m2/repository/org/camunda/bpm/springboot/camunda-bpm-spring-boot-starter/7.14.0/camunda-bpm-spring-boot-starter-7.14.0.jar:/home/bente/.m2/repository/org/camunda/bpm/camunda-engine-spring/7.14.0/camunda-engine-spring-7.14.0.jar:/home/bente/.m2/repository/org/camunda/bpm/camunda-engine/7.14.0/camunda-engine-7.14.0.jar:/home/bente/.m2/repository/org/camunda/bpm/model/camunda-bpmn-model/7.14.0/camunda-bpmn-model-7.14.0.jar:/home/bente/.m2/repository/org/camunda/bpm/model/camunda-xml-model/7.14.0/camunda-xml-model-7.14.0.jar:/home/bente/.m2/repository/org/camunda/bpm/model/camunda-cmmn-model/7.14.0/camunda-cmmn-model-7.14.0.jar:/home/bente/.m2/repository/org/camunda/bpm/dmn/camunda-engine-dmn/7.14.0/camunda-engine-dmn-7.14.0.jar:/home/bente/.m2/repository/org/camunda/commons/camunda-commons-utils/1.9.0/camunda-commons-utils-1.9.0.jar:/home/bente/.m2/repository/org/camunda/bpm/model/camunda-dmn-model/7.14.0/camunda-dmn-model-7.14.0.jar:/home/bente/.m2/repository/org/camunda/bpm/dmn/camunda-engine-feel-api/7.14.0/camunda-engine-feel-api-7.14.0.jar:/home/bente/.m2/repository/org/camunda/bpm/dmn/camunda-engine-feel-juel/7.14.0/camunda-engine-feel-juel-7.14.0.jar:/home/bente/.m2/repository/org/camunda/bpm/dmn/camunda-engine-feel-scala/7.14.0/camunda-engine-feel-scala-7.14.0.jar:/home/bente/.m2/repository/org/camunda/commons/camunda-commons-logging/1.9.0/camunda-commons-logging-1.9.0.jar:/home/bente/.m2/repository/org/camunda/commons/camunda-commons-typed-values/7.14.0/camunda-commons-typed-values-7.14.0.jar:/home/bente/.m2/repository/org/mybatis/mybatis/3.5.3/mybatis-3.5.3.jar:/home/bente/.m2/repository/joda-time/joda-time/2.1/joda-time-2.1.jar:/home/bente/.m2/repository/org/camunda/connect/camunda-connect-core/1.5.0/camunda-connect-core-1.5.0.jar:/home/bente/.m2/repository/org/camunda/connect/camunda-connect-connectors-all/1.5.0/camunda-connect-connectors-all-1.5.0.jar:/home/bente/.m2/repository/commons-dbcp/commons-dbcp/1.4/commons-dbcp-1.4.jar:/home/bente/.m2/repository/commons-pool/commons-pool/1.6/commons-pool-1.6.jar:/home/bente/.m2/repository/org/springframework/spring-context/5.2.7.RELEASE/spring-context-5.2.7.RELEASE.jar:/home/bente/.m2/repository/org/springframework/spring-aop/5.2.7.RELEASE/spring-aop-5.2.7.RELEASE.jar:/home/bente/.m2/repository/org/springframework/spring-expression/5.2.7.RELEASE/spring-expression-5.2.7.RELEASE.jar:/home/bente/.m2/repository/org/springframework/spring-tx/5.2.7.RELEASE/spring-tx-5.2.7.RELEASE.jar:/home/bente/.m2/repository/org/springframework/spring-orm/5.2.7.RELEASE/spring-orm-5.2.7.RELEASE.jar:/home/bente/.m2/repository/org/springframework/boot/spring-boot-loader-tools/2.3.1.RELEASE/spring-boot-loader-tools-2.3.1.RELEASE.jar:/home/bente/.m2/repository/org/apache/commons/commons-compress/1.19/commons-compress-1.19.jar:/home/bente/.m2/repository/org/springframework/boot/spring-boot-autoconfigure/2.3.1.RELEASE/spring-boot-autoconfigure-2.3.1.RELEASE.jar:/home/bente/.m2/repository/com/fasterxml/uuid/java-uuid-generator/3.2.0/java-uuid-generator-3.2.0.jar:/home/bente/.m2/repository/org/camunda/bpm/camunda-engine-rest-jaxrs2/7.14.0/camunda-engine-rest-jaxrs2-7.14.0.jar:/home/bente/.m2/repository/commons-fileupload/commons-fileupload/1.3.3/commons-fileupload-1.3.3.jar:/home/bente/.m2/repository/commons-io/commons-io/2.0.1/commons-io-2.0.1.jar:/home/bente/.m2/repository/com/fasterxml/jackson/jaxrs/jackson-jaxrs-json-provider/2.11.0/jackson-jaxrs-json-provider-2.11.0.jar:/home/bente/.m2/repository/com/fasterxml/jackson/jaxrs/jackson-jaxrs-base/2.11.0/jackson-jaxrs-base-2.11.0.jar:/home/bente/.m2/repository/com/fasterxml/jackson/module/jackson-module-jaxb-annotations/2.11.0/jackson-module-jaxb-annotations-2.11.0.jar:/home/bente/.m2/repository/com/fasterxml/jackson/core/jackson-databind/2.11.0/jackson-databind-2.11.0.jar:/home/bente/.m2/repository/com/fasterxml/jackson/core/jackson-annotations/2.11.0/jackson-annotations-2.11.0.jar:/home/bente/.m2/repository/com/fasterxml/jackson/core/jackson-core/2.11.0/jackson-core-2.11.0.jar:/home/bente/.m2/repository/org/springframework/boot/spring-boot-starter-jersey/2.3.1.RELEASE/spring-boot-starter-jersey-2.3.1.RELEASE.jar:/home/bente/.m2/repository/org/springframework/boot/spring-boot-starter-json/2.3.1.RELEASE/spring-boot-starter-json-2.3.1.RELEASE.jar:/home/bente/.m2/repository/com/fasterxml/jackson/datatype/jackson-datatype-jdk8/2.11.0/jackson-datatype-jdk8-2.11.0.jar:/home/bente/.m2/repository/com/fasterxml/jackson/datatype/jackson-datatype-jsr310/2.11.0/jackson-datatype-jsr310-2.11.0.jar:/home/bente/.m2/repository/com/fasterxml/jackson/module/jackson-module-parameter-names/2.11.0/jackson-module-parameter-names-2.11.0.jar:/home/bente/.m2/repository/org/springframework/boot/spring-boot-starter-tomcat/2.3.1.RELEASE/spring-boot-starter-tomcat-2.3.1.RELEASE.jar:/home/bente/.m2/repository/org/apache/tomcat/embed/tomcat-embed-core/9.0.36/tomcat-embed-core-9.0.36.jar:/home/bente/.m2/repository/org/glassfish/jakarta.el/3.0.3/jakarta.el-3.0.3.jar:/home/bente/.m2/repository/org/apache/tomcat/embed/tomcat-embed-websocket/9.0.36/tomcat-embed-websocket-9.0.36.jar:/home/bente/.m2/repository/org/springframework/boot/spring-boot-starter-validation/2.3.1.RELEASE/spring-boot-starter-validation-2.3.1.RELEASE.jar:/home/bente/.m2/repository/org/hibernate/validator/hibernate-validator/6.1.5.Final/hibernate-validator-6.1.5.Final.jar:/home/bente/.m2/repository/org/jboss/logging/jboss-logging/3.4.1.Final/jboss-logging-3.4.1.Final.jar:/home/bente/.m2/repository/com/fasterxml/classmate/1.5.1/classmate-1.5.1.jar:/home/bente/.m2/repository/org/springframework/spring-web/5.2.7.RELEASE/spring-web-5.2.7.RELEASE.jar:/home/bente/.m2/repository/org/glassfish/jersey/core/jersey-server/2.30.1/jersey-server-2.30.1.jar:/home/bente/.m2/repository/org/glassfish/jersey/core/jersey-common/2.30.1/jersey-common-2.30.1.jar:/home/bente/.m2/repository/org/glassfish/hk2/osgi-resource-locator/1.0.3/osgi-resource-locator-1.0.3.jar:/home/bente/.m2/repository/com/sun/activation/jakarta.activation/1.2.2/jakarta.activation-1.2.2.jar:/home/bente/.m2/repository/org/glassfish/jersey/core/jersey-client/2.30.1/jersey-client-2.30.1.jar:/home/bente/.m2/repository/jakarta/ws/rs/jakarta.ws.rs-api/2.1.6/jakarta.ws.rs-api-2.1.6.jar:/home/bente/.m2/repository/org/glassfish/jersey/media/jersey-media-jaxb/2.30.1/jersey-media-jaxb-2.30.1.jar:/home/bente/.m2/repository/org/glassfish/hk2/external/jakarta.inject/2.6.1/jakarta.inject-2.6.1.jar:/home/bente/.m2/repository/jakarta/validation/jakarta.validation-api/2.0.2/jakarta.validation-api-2.0.2.jar:/home/bente/.m2/repository/org/glassfish/jersey/containers/jersey-container-servlet-core/2.30.1/jersey-container-servlet-core-2.30.1.jar:/home/bente/.m2/repository/org/glassfish/jersey/containers/jersey-container-servlet/2.30.1/jersey-container-servlet-2.30.1.jar:/home/bente/.m2/repository/org/glassfish/jersey/ext/jersey-bean-validation/2.30.1/jersey-bean-validation-2.30.1.jar:/home/bente/.m2/repository/org/glassfish/jersey/ext/jersey-spring5/2.30.1/jersey-spring5-2.30.1.jar:/home/bente/.m2/repository/org/glassfish/jersey/inject/jersey-hk2/2.30.1/jersey-hk2-2.30.1.jar:/home/bente/.m2/repository/org/glassfish/hk2/hk2-locator/2.6.1/hk2-locator-2.6.1.jar:/home/bente/.m2/repository/org/glassfish/hk2/external/aopalliance-repackaged/2.6.1/aopalliance-repackaged-2.6.1.jar:/home/bente/.m2/repository/org/javassist/javassist/3.25.0-GA/javassist-3.25.0-GA.jar:/home/bente/.m2/repository/org/glassfish/hk2/hk2/2.6.1/hk2-2.6.1.jar:/home/bente/.m2/repository/org/glassfish/hk2/hk2-utils/2.6.1/hk2-utils-2.6.1.jar:/home/bente/.m2/repository/org/glassfish/hk2/hk2-api/2.6.1/hk2-api-2.6.1.jar:/home/bente/.m2/repository/org/glassfish/hk2/hk2-core/2.6.1/hk2-core-2.6.1.jar:/home/bente/.m2/repository/org/glassfish/hk2/hk2-runlevel/2.6.1/hk2-runlevel-2.6.1.jar:/home/bente/.m2/repository/org/glassfish/hk2/class-model/2.6.1/class-model-2.6.1.jar:/home/bente/.m2/repository/org/ow2/asm/asm/7.1/asm-7.1.jar:/home/bente/.m2/repository/org/ow2/asm/asm-analysis/7.1/asm-analysis-7.1.jar:/home/bente/.m2/repository/org/ow2/asm/asm-commons/7.1/asm-commons-7.1.jar:/home/bente/.m2/repository/org/ow2/asm/asm-tree/7.1/asm-tree-7.1.jar:/home/bente/.m2/repository/org/ow2/asm/asm-util/7.1/asm-util-7.1.jar:/home/bente/.m2/repository/org/glassfish/hk2/spring-bridge/2.6.1/spring-bridge-2.6.1.jar:/home/bente/.m2/repository/org/glassfish/jersey/media/jersey-media-json-jackson/2.30.1/jersey-media-json-jackson-2.30.1.jar:/home/bente/.m2/repository/org/glassfish/jersey/ext/jersey-entity-filtering/2.30.1/jersey-entity-filtering-2.30.1.jar:/home/bente/.m2/repository/org/camunda/bpm/springboot/camunda-bpm-spring-boot-starter-webapp/7.14.0/camunda-bpm-spring-boot-starter-webapp-7.14.0.jar:/home/bente/.m2/repository/org/camunda/bpm/springboot/camunda-bpm-spring-boot-starter-webapp-core/7.14.0/camunda-bpm-spring-boot-starter-webapp-core-7.14.0.jar:/home/bente/.m2/repository/org/camunda/bpm/webapp/camunda-webapp/7.14.0/camunda-webapp-7.14.0-classes.jar:/home/bente/.m2/repository/org/springframework/boot/spring-boot-starter-web/2.3.1.RELEASE/spring-boot-starter-web-2.3.1.RELEASE.jar:/home/bente/.m2/repository/org/springframework/spring-webmvc/5.2.7.RELEASE/spring-webmvc-5.2.7.RELEASE.jar:/home/bente/.m2/repository/org/camunda/bpm/webapp/camunda-webapp-webjar/7.14.0/camunda-webapp-webjar-7.14.0.jar:/home/bente/.m2/repository/org/camunda/bpm/springboot/camunda-bpm-spring-boot-starter-test/7.14.0/camunda-bpm-spring-boot-starter-test-7.14.0.jar:/home/bente/.m2/repository/org/springframework/boot/spring-boot-starter-test/2.3.1.RELEASE/spring-boot-starter-test-2.3.1.RELEASE.jar:/home/bente/.m2/repository/org/springframework/boot/spring-boot-test/2.3.1.RELEASE/spring-boot-test-2.3.1.RELEASE.jar:/home/bente/.m2/repository/org/springframework/boot/spring-boot-test-autoconfigure/2.3.1.RELEASE/spring-boot-test-autoconfigure-2.3.1.RELEASE.jar:/home/bente/.m2/repository/com/jayway/jsonpath/json-path/2.4.0/json-path-2.4.0.jar:/home/bente/.m2/repository/net/minidev/json-smart/2.3/json-smart-2.3.jar:/home/bente/.m2/repository/net/minidev/accessors-smart/1.2/accessors-smart-1.2.jar:/home/bente/.m2/repository/jakarta/xml/bind/jakarta.xml.bind-api/2.3.3/jakarta.xml.bind-api-2.3.3.jar:/home/bente/.m2/repository/jakarta/activation/jakarta.activation-api/1.2.2/jakarta.activation-api-1.2.2.jar:/home/bente/.m2/repository/org/assertj/assertj-core/3.16.1/assertj-core-3.16.1.jar:/home/bente/.m2/repository/org/hamcrest/hamcrest/2.2/hamcrest-2.2.jar:/home/bente/.m2/repository/org/junit/jupiter/junit-jupiter/5.6.2/junit-jupiter-5.6.2.jar:/home/bente/.m2/repository/org/junit/jupiter/junit-jupiter-api/5.6.2/junit-jupiter-api-5.6.2.jar:/home/bente/.m2/repository/org/opentest4j/opentest4j/1.2.0/opentest4j-1.2.0.jar:/home/bente/.m2/repository/org/junit/platform/junit-platform-commons/1.6.2/junit-platform-commons-1.6.2.jar:/home/bente/.m2/repository/org/junit/jupiter/junit-jupiter-params/5.6.2/junit-jupiter-params-5.6.2.jar:/home/bente/.m2/repository/org/junit/jupiter/junit-jupiter-engine/5.6.2/junit-jupiter-engine-5.6.2.jar:/home/bente/.m2/repository/org/junit/vintage/junit-vintage-engine/5.6.2/junit-vintage-engine-5.6.2.jar:/home/bente/.m2/repository/org/junit/platform/junit-platform-engine/1.6.2/junit-platform-engine-1.6.2.jar:/home/bente/.m2/repository/org/mockito/mockito-core/3.3.3/mockito-core-3.3.3.jar:/home/bente/.m2/repository/net/bytebuddy/byte-buddy/1.10.11/byte-buddy-1.10.11.jar:/home/bente/.m2/repository/net/bytebuddy/byte-buddy-agent/1.10.11/byte-buddy-agent-1.10.11.jar:/home/bente/.m2/repository/org/objenesis/objenesis/2.6/objenesis-2.6.jar:/home/bente/.m2/repository/org/mockito/mockito-junit-jupiter/3.3.3/mockito-junit-jupiter-3.3.3.jar:/home/bente/.m2/repository/org/skyscreamer/jsonassert/1.5.0/jsonassert-1.5.0.jar:/home/bente/.m2/repository/com/vaadin/external/google/android-json/0.0.20131108.vaadin1/android-json-0.0.20131108.vaadin1.jar:/home/bente/.m2/repository/org/springframework/spring-core/5.2.7.RELEASE/spring-core-5.2.7.RELEASE.jar:/home/bente/.m2/repository/org/springframework/spring-jcl/5.2.7.RELEASE/spring-jcl-5.2.7.RELEASE.jar:/home/bente/.m2/repository/org/springframework/spring-test/5.2.7.RELEASE/spring-test-5.2.7.RELEASE.jar:/home/bente/.m2/repository/org/xmlunit/xmlunit-core/2.7.0/xmlunit-core-2.7.0.jar:/home/bente/.m2/repository/org/camunda/bpm/assert/camunda-bpm-assert-assertj3-11-1/4.0.0/camunda-bpm-assert-assertj3-11-1-4.0.0.jar:/home/bente/.m2/repository/com/h2database/h2/1.4.200/h2-1.4.200.jar:/home/bente/.m2/repository/org/springframework/boot/spring-boot-starter-jdbc/2.3.1.RELEASE/spring-boot-starter-jdbc-2.3.1.RELEASE.jar:/home/bente/.m2/repository/org/springframework/boot/spring-boot-starter/2.3.1.RELEASE/spring-boot-starter-2.3.1.RELEASE.jar:/home/bente/.m2/repository/org/springframework/boot/spring-boot/2.3.1.RELEASE/spring-boot-2.3.1.RELEASE.jar:/home/bente/.m2/repository/org/springframework/boot/spring-boot-starter-logging/2.3.1.RELEASE/spring-boot-starter-logging-2.3.1.RELEASE.jar:/home/bente/.m2/repository/ch/qos/logback/logback-classic/1.2.3/logback-classic-1.2.3.jar:/home/bente/.m2/repository/ch/qos/logback/logback-core/1.2.3/logback-core-1.2.3.jar:/home/bente/.m2/repository/org/apache/logging/log4j/log4j-to-slf4j/2.13.3/log4j-to-slf4j-2.13.3.jar:/home/bente/.m2/repository/org/apache/logging/log4j/log4j-api/2.13.3/log4j-api-2.13.3.jar:/home/bente/.m2/repository/org/slf4j/jul-to-slf4j/1.7.30/jul-to-slf4j-1.7.30.jar:/home/bente/.m2/repository/jakarta/annotation/jakarta.annotation-api/1.3.5/jakarta.annotation-api-1.3.5.jar:/home/bente/.m2/repository/org/yaml/snakeyaml/1.26/snakeyaml-1.26.jar:/home/bente/.m2/repository/com/zaxxer/HikariCP/3.4.5/HikariCP-3.4.5.jar:/home/bente/.m2/repository/org/springframework/spring-jdbc/5.2.7.RELEASE/spring-jdbc-5.2.7.RELEASE.jar:/home/bente/.m2/repository/org/springframework/spring-beans/5.2.7.RELEASE/spring-beans-5.2.7.RELEASE.jar:/home/bente/.m2/repository/org/camunda/bpm/extension/mockito/camunda-bpm-mockito/4.12.0/camunda-bpm-mockito-4.12.0.jar:/home/bente/.m2/repository/com/google/code/findbugs/jsr305/3.0.1/jsr305-3.0.1.jar:/home/bente/.m2/repository/org/apache/commons/commons-lang3/3.10/commons-lang3-3.10.jar:/home/bente/.m2/repository/org/slf4j/slf4j-api/1.7.30/slf4j-api-1.7.30.jar:/home/bente/.m2/repository/io/cucumber/cucumber-java/6.8.2/cucumber-java-6.8.2.jar:/home/bente/.m2/repository/io/cucumber/cucumber-core/6.8.2/cucumber-core-6.8.2.jar:/home/bente/.m2/repository/io/cucumber/cucumber-gherkin/6.8.2/cucumber-gherkin-6.8.2.jar:/home/bente/.m2/repository/io/cucumber/cucumber-gherkin-messages/6.8.2/cucumber-gherkin-messages-6.8.2.jar:/home/bente/.m2/repository/io/cucumber/messages/13.1.0/messages-13.1.0.jar:/home/bente/.m2/repository/io/cucumber/tag-expressions/3.0.0/tag-expressions-3.0.0.jar:/home/bente/.m2/repository/io/cucumber/cucumber-expressions/10.3.0/cucumber-expressions-10.3.0.jar:/home/bente/.m2/repository/io/cucumber/datatable/3.5.0/datatable-3.5.0.jar:/home/bente/.m2/repository/io/cucumber/cucumber-plugin/6.8.2/cucumber-plugin-6.8.2.jar:/home/bente/.m2/repository/io/cucumber/docstring/6.8.2/docstring-6.8.2.jar:/home/bente/.m2/repository/io/cucumber/html-formatter/9.0.0/html-formatter-9.0.0.jar:/home/bente/.m2/repository/io/cucumber/create-meta/2.0.4/create-meta-2.0.4.jar:/home/bente/.m2/repository/org/apiguardian/apiguardian-api/1.1.0/apiguardian-api-1.1.0.jar:/home/bente/.m2/repository/io/cucumber/cucumber-junit/6.8.2/cucumber-junit-6.8.2.jar:/home/bente/.m2/repository/junit/junit/4.13/junit-4.13.jar:/home/bente/.m2/repository/org/hamcrest/hamcrest-core/2.2/hamcrest-core-2.2.jar:/home/bente/.m2/repository/io/cucumber/cucumber-spring/6.8.2/cucumber-spring-6.8.2.jar:"/>
    <property name="sun.cpu.endian" value="little"/>
    <property name="user.home" value="/home/bente"/>
    <property name="user.language" value="en"/>
    <property name="java.specification.vendor" value="Oracle Corporation"/>
    <property name="java.version.date" value="2020-11-04"/>
    <property name="java.home" value="/usr/lib/jvm/java-11-openjdk-amd64"/>
    <property name="file.separator" value="/"/>
    <property name="basedir" value="/mnt/c/Users/Marcus/Desktop/Hauptordner/Studium/Masterstudium/1. Semester/SLQ/Sieber/project-approval-process"/>
    <property name="java.vm.compressedOopsMode" value="Zero based"/>
    <property name="line.separator" value="&#10;"/>
    <property name="java.specification.name" value="Java Platform API Specification"/>
    <property name="java.vm.specification.vendor" value="Oracle Corporation"/>
    <property name="java.awt.graphicsenv" value="sun.awt.X11GraphicsEnvironment"/>
    <property name="surefire.real.class.path" value="/mnt/c/Users/Marcus/Desktop/Hauptordner/Studium/Masterstudium/1. Semester/SLQ/Sieber/project-approval-process/target/surefire/surefirebooter4866653712393001851.jar"/>
    <property name="sun.management.compiler" value="HotSpot 64-Bit Tiered Compilers"/>
    <property name="java.runtime.version" value="11.0.9.1+1-Ubuntu-0ubuntu1.20.04"/>
    <property name="user.name" value="bente"/>
    <property name="path.separator" value=":"/>
    <property name="os.version" value="5.4.72-microsoft-standard-WSL2"/>
    <property name="java.runtime.name" value="OpenJDK Runtime Environment"/>
    <property name="file.encoding" value="UTF-8"/>
    <property name="java.vm.name" value="OpenJDK 64-Bit Server VM"/>
    <property name="localRepository" value="/home/bente/.m2/repository"/>
    <property name="java.vendor.url.bug" value="https://bugs.launchpad.net/ubuntu/+source/openjdk-lts"/>
    <property name="java.io.tmpdir" value="/tmp"/>
    <property name="java.version" value="11.0.9.1"/>
    <property name="user.dir" value="/mnt/c/Users/Marcus/Desktop/Hauptordner/Studium/Masterstudium/1. Semester/SLQ/Sieber/project-approval-process"/>
    <property name="os.arch" value="amd64"/>
    <property name="java.vm.specification.name" value="Java Virtual Machine Specification"/>
    <property name="java.awt.printerjob" value="sun.print.PSPrinterJob"/>
    <property name="sun.os.patch.level" value="unknown"/>
    <property name="java.library.path" value="/usr/java/packages/lib:/usr/lib/x86_64-linux-gnu/jni:/lib/x86_64-linux-gnu:/usr/lib/x86_64-linux-gnu:/usr/lib/jni:/lib:/usr/lib"/>
    <property name="java.vm.info" value="mixed mode, sharing"/>
    <property name="java.vendor" value="Ubuntu"/>
    <property name="java.vm.version" value="11.0.9.1+1-Ubuntu-0ubuntu1.20.04"/>
    <property name="sun.io.unicode.encoding" value="UnicodeLittle"/>
    <property name="java.class.version" value="55.0"/>
  </properties>
  <testcase name="testProcessStart" classname="at.fhv.ProjectApprovalIntegrationTest" time="4.259"/>
  <testcase name="testSubProcessStart" classname="at.fhv.ProjectApprovalIntegrationTest" time="0.863">
    <error message="FEEL/SCALA-01008 Error while evaluating expression: failed to evaluate expression &apos;customer&apos;: no variable found for name &apos;customer&apos;" type="org.camunda.bpm.dmn.feel.impl.FeelException">org.camunda.bpm.dmn.feel.impl.FeelException: FEEL/SCALA-01008 Error while evaluating expression: failed to evaluate expression 'customer': no variable found for name 'customer'
	at at.fhv.ProjectApprovalIntegrationTest.testSubProcessStart(ProjectApprovalIntegrationTest.java:54)
</error>
    <system-out><![CDATA[22:47:23.444 [main] ERROR org.camunda.bpm.engine.context - ENGINE-16004 Exception while closing command context: FEEL/SCALA-01008 Error while evaluating expression: failed to evaluate expression 'customer': no variable found for name 'customer'
org.camunda.bpm.dmn.feel.impl.FeelException: FEEL/SCALA-01008 Error while evaluating expression: failed to evaluate expression 'customer': no variable found for name 'customer'
	at org.camunda.bpm.dmn.feel.impl.scala.ScalaFeelLogger.evaluationException(ScalaFeelLogger.java:77)
	at org.camunda.bpm.dmn.feel.impl.scala.ScalaFeelEngine.evaluateSimpleExpression(ScalaFeelEngine.java:82)
	at org.camunda.bpm.dmn.engine.impl.evaluation.ExpressionEvaluationHandler.evaluateFeelSimpleExpression(ExpressionEvaluationHandler.java:130)
	at org.camunda.bpm.dmn.engine.impl.evaluation.ExpressionEvaluationHandler.evaluateExpression(ExpressionEvaluationHandler.java:59)
	at org.camunda.bpm.dmn.engine.impl.evaluation.DecisionTableEvaluationHandler.evaluateInputExpression(DecisionTableEvaluationHandler.java:193)
	at org.camunda.bpm.dmn.engine.impl.evaluation.DecisionTableEvaluationHandler.evaluateInput(DecisionTableEvaluationHandler.java:122)
	at org.camunda.bpm.dmn.engine.impl.evaluation.DecisionTableEvaluationHandler.evaluateDecisionTable(DecisionTableEvaluationHandler.java:104)
	at org.camunda.bpm.dmn.engine.impl.evaluation.DecisionTableEvaluationHandler.evaluate(DecisionTableEvaluationHandler.java:81)
	at org.camunda.bpm.dmn.engine.impl.DefaultDmnDecisionContext.evaluateDecision(DefaultDmnDecisionContext.java:85)
	at org.camunda.bpm.dmn.engine.impl.DefaultDmnEngine.evaluateDecision(DefaultDmnEngine.java:167)
	at org.camunda.bpm.engine.impl.dmn.invocation.DecisionInvocation.invoke(DecisionInvocation.java:57)
	at org.camunda.bpm.engine.impl.delegate.DelegateInvocation.proceed(DelegateInvocation.java:58)
	at org.camunda.bpm.engine.impl.delegate.DefaultDelegateInterceptor.handleInvocationInContext(DefaultDelegateInterceptor.java:92)
	at org.camunda.bpm.engine.impl.delegate.DefaultDelegateInterceptor.handleInvocation(DefaultDelegateInterceptor.java:63)
	at org.camunda.bpm.engine.impl.util.DecisionEvaluationUtil.invoke(DecisionEvaluationUtil.java:103)
	at org.camunda.bpm.engine.impl.util.DecisionEvaluationUtil.evaluateDecision(DecisionEvaluationUtil.java:74)
	at org.camunda.bpm.engine.impl.bpmn.behavior.DmnBusinessRuleTaskActivityBehavior$1.call(DmnBusinessRuleTaskActivityBehavior.java:56)
	at org.camunda.bpm.engine.impl.bpmn.behavior.DmnBusinessRuleTaskActivityBehavior$1.call(DmnBusinessRuleTaskActivityBehavior.java:53)
	at org.camunda.bpm.engine.impl.bpmn.behavior.AbstractBpmnActivityBehavior.executeWithErrorPropagation(AbstractBpmnActivityBehavior.java:90)
	at org.camunda.bpm.engine.impl.bpmn.behavior.DmnBusinessRuleTaskActivityBehavior.execute(DmnBusinessRuleTaskActivityBehavior.java:53)
	at org.camunda.bpm.engine.impl.pvm.runtime.operation.PvmAtomicOperationActivityExecute$2.callback(PvmAtomicOperationActivityExecute.java:61)
	at org.camunda.bpm.engine.impl.pvm.runtime.operation.PvmAtomicOperationActivityExecute$2.callback(PvmAtomicOperationActivityExecute.java:50)
	at org.camunda.bpm.engine.impl.pvm.runtime.PvmExecutionImpl.continueIfExecutionDoesNotAffectNextOperation(PvmExecutionImpl.java:2036)
	at org.camunda.bpm.engine.impl.pvm.runtime.operation.PvmAtomicOperationActivityExecute.execute(PvmAtomicOperationActivityExecute.java:42)
	at org.camunda.bpm.engine.impl.pvm.runtime.operation.PvmAtomicOperationActivityExecute.execute(PvmAtomicOperationActivityExecute.java:31)
	at org.camunda.bpm.engine.impl.interceptor.AtomicOperationInvocation.execute(AtomicOperationInvocation.java:99)
	at org.camunda.bpm.engine.impl.interceptor.CommandInvocationContext.invokeNext(CommandInvocationContext.java:131)
	at org.camunda.bpm.engine.impl.interceptor.CommandInvocationContext.performNext(CommandInvocationContext.java:111)
	at org.camunda.bpm.engine.impl.interceptor.CommandInvocationContext.performOperation(CommandInvocationContext.java:86)
	at org.camunda.bpm.engine.impl.persistence.entity.ExecutionEntity.performOperation(ExecutionEntity.java:628)
	at org.camunda.bpm.engine.impl.persistence.entity.ExecutionEntity.performOperation(ExecutionEntity.java:602)
	at org.camunda.bpm.engine.impl.pvm.runtime.PvmExecutionImpl$6.callback(PvmExecutionImpl.java:1975)
	at org.camunda.bpm.engine.impl.pvm.runtime.PvmExecutionImpl$6.callback(PvmExecutionImpl.java:1972)
	at org.camunda.bpm.engine.impl.pvm.runtime.PvmExecutionImpl.continueExecutionIfNotCanceled(PvmExecutionImpl.java:2042)
	at org.camunda.bpm.engine.impl.pvm.runtime.PvmExecutionImpl.dispatchDelayedEventsAndPerformOperation(PvmExecutionImpl.java:1991)
	at org.camunda.bpm.engine.impl.pvm.runtime.PvmExecutionImpl.dispatchDelayedEventsAndPerformOperation(PvmExecutionImpl.java:1972)
	at org.camunda.bpm.engine.impl.pvm.runtime.operation.PvmAtomicOperationTransitionNotifyListenerStart.eventNotificationsCompleted(PvmAtomicOperationTransitionNotifyListenerStart.java:60)
	at org.camunda.bpm.engine.impl.pvm.runtime.operation.PvmAtomicOperationTransitionNotifyListenerStart.eventNotificationsCompleted(PvmAtomicOperationTransitionNotifyListenerStart.java:30)
	at org.camunda.bpm.engine.impl.core.operation.AbstractEventAtomicOperation.execute(AbstractEventAtomicOperation.java:66)
	at org.camunda.bpm.engine.impl.interceptor.AtomicOperationInvocation.execute(AtomicOperationInvocation.java:99)
	at org.camunda.bpm.engine.impl.interceptor.CommandInvocationContext.invokeNext(CommandInvocationContext.java:131)
	at org.camunda.bpm.engine.impl.interceptor.CommandInvocationContext.performNext(CommandInvocationContext.java:111)
	at org.camunda.bpm.engine.impl.interceptor.CommandInvocationContext.performOperation(CommandInvocationContext.java:86)
	at org.camunda.bpm.engine.impl.interceptor.CommandInvocationContext.performOperation(CommandInvocationContext.java:76)
	at org.camunda.bpm.engine.impl.persistence.entity.ExecutionEntity.performOperationSync(ExecutionEntity.java:637)
	at org.camunda.bpm.engine.impl.persistence.entity.ExecutionEntity.performOperationSync(ExecutionEntity.java:612)
	at org.camunda.bpm.engine.impl.core.operation.AbstractEventAtomicOperation.execute(AbstractEventAtomicOperation.java:62)
	at org.camunda.bpm.engine.impl.interceptor.AtomicOperationInvocation.execute(AtomicOperationInvocation.java:99)
	at org.camunda.bpm.engine.impl.interceptor.CommandInvocationContext.invokeNext(CommandInvocationContext.java:131)
	at org.camunda.bpm.engine.impl.interceptor.CommandInvocationContext.performNext(CommandInvocationContext.java:111)
	at org.camunda.bpm.engine.impl.interceptor.CommandInvocationContext.performOperation(CommandInvocationContext.java:86)
	at org.camunda.bpm.engine.impl.interceptor.CommandInvocationContext.performOperation(CommandInvocationContext.java:76)
	at org.camunda.bpm.engine.impl.persistence.entity.ExecutionEntity.performOperationSync(ExecutionEntity.java:637)
	at org.camunda.bpm.engine.impl.persistence.entity.ExecutionEntity.performOperationSync(ExecutionEntity.java:612)
	at org.camunda.bpm.engine.impl.core.operation.AbstractEventAtomicOperation.execute(AbstractEventAtomicOperation.java:62)
	at org.camunda.bpm.engine.impl.interceptor.AtomicOperationInvocation.execute(AtomicOperationInvocation.java:99)
	at org.camunda.bpm.engine.impl.interceptor.CommandInvocationContext.invokeNext(CommandInvocationContext.java:131)
	at org.camunda.bpm.engine.impl.interceptor.CommandInvocationContext.performNext(CommandInvocationContext.java:111)
	at org.camunda.bpm.engine.impl.interceptor.CommandInvocationContext.performOperation(CommandInvocationContext.java:86)
	at org.camunda.bpm.engine.impl.interceptor.CommandInvocationContext.performOperation(CommandInvocationContext.java:76)
	at org.camunda.bpm.engine.impl.persistence.entity.ExecutionEntity.performOperationSync(ExecutionEntity.java:637)
	at org.camunda.bpm.engine.impl.persistence.entity.ExecutionEntity.performOperationSync(ExecutionEntity.java:612)
	at org.camunda.bpm.engine.impl.core.operation.AbstractEventAtomicOperation.execute(AbstractEventAtomicOperation.java:62)
	at org.camunda.bpm.engine.impl.interceptor.AtomicOperationInvocation.execute(AtomicOperationInvocation.java:99)
	at org.camunda.bpm.engine.impl.interceptor.CommandInvocationContext.invokeNext(CommandInvocationContext.java:131)
	at org.camunda.bpm.engine.impl.interceptor.CommandInvocationContext.performNext(CommandInvocationContext.java:111)
	at org.camunda.bpm.engine.impl.interceptor.CommandInvocationContext.performOperation(CommandInvocationContext.java:86)
	at org.camunda.bpm.engine.impl.persistence.entity.ExecutionEntity.performOperation(ExecutionEntity.java:628)
	at org.camunda.bpm.engine.impl.persistence.entity.ExecutionEntity.performOperation(ExecutionEntity.java:602)
	at org.camunda.bpm.engine.impl.pvm.runtime.operation.PvmAtomicOperationTransitionCreateScope.scopeCreated(PvmAtomicOperationTransitionCreateScope.java:38)
	at org.camunda.bpm.engine.impl.pvm.runtime.operation.PvmAtomicOperationCreateScope.execute(PvmAtomicOperationCreateScope.java:54)
	at org.camunda.bpm.engine.impl.pvm.runtime.operation.PvmAtomicOperationCreateScope.execute(PvmAtomicOperationCreateScope.java:28)
	at org.camunda.bpm.engine.impl.interceptor.AtomicOperationInvocation.execute(AtomicOperationInvocation.java:99)
	at org.camunda.bpm.engine.impl.interceptor.CommandInvocationContext.invokeNext(CommandInvocationContext.java:131)
	at org.camunda.bpm.engine.impl.interceptor.CommandInvocationContext.performNext(CommandInvocationContext.java:118)
	at org.camunda.bpm.engine.impl.interceptor.CommandInvocationContext$1.call(CommandInvocationContext.java:102)
	at org.camunda.bpm.engine.impl.interceptor.CommandInvocationContext$1.call(CommandInvocationContext.java:100)
	at org.camunda.bpm.engine.impl.context.ProcessApplicationClassloaderInterceptor.call(ProcessApplicationClassloaderInterceptor.java:48)
	at org.camunda.bpm.application.AbstractProcessApplication.execute(AbstractProcessApplication.java:121)
	at org.camunda.bpm.application.AbstractProcessApplication.execute(AbstractProcessApplication.java:132)
	at org.camunda.bpm.engine.impl.context.Context.executeWithinProcessApplication(Context.java:206)
	at org.camunda.bpm.engine.impl.interceptor.CommandInvocationContext.performNext(CommandInvocationContext.java:100)
	at org.camunda.bpm.engine.impl.interceptor.CommandInvocationContext.performOperation(CommandInvocationContext.java:86)
	at org.camunda.bpm.engine.impl.persistence.entity.ExecutionEntity.performOperation(ExecutionEntity.java:628)
	at org.camunda.bpm.engine.impl.persistence.entity.ExecutionEntity.performOperation(ExecutionEntity.java:602)
	at org.camunda.bpm.engine.impl.pvm.runtime.PvmExecutionImpl.start(PvmExecutionImpl.java:287)
	at org.camunda.bpm.engine.impl.persistence.entity.ExecutionEntity.start(ExecutionEntity.java:458)
	at org.camunda.bpm.engine.impl.pvm.runtime.PvmExecutionImpl.start(PvmExecutionImpl.java:263)
	at org.camunda.bpm.engine.impl.cmd.StartProcessInstanceCmd.execute(StartProcessInstanceCmd.java:66)
	at org.camunda.bpm.engine.impl.cmd.StartProcessInstanceCmd.execute(StartProcessInstanceCmd.java:38)
	at org.camunda.bpm.engine.impl.interceptor.CommandExecutorImpl.execute(CommandExecutorImpl.java:28)
	at org.camunda.bpm.engine.impl.interceptor.CommandContextInterceptor.execute(CommandContextInterceptor.java:110)
	at org.camunda.bpm.engine.spring.SpringTransactionInterceptor$1.doInTransaction(SpringTransactionInterceptor.java:46)
	at org.springframework.transaction.support.TransactionTemplate.execute(TransactionTemplate.java:140)
	at org.camunda.bpm.engine.spring.SpringTransactionInterceptor.execute(SpringTransactionInterceptor.java:44)
	at org.camunda.bpm.engine.impl.interceptor.ProcessApplicationContextInterceptor.execute(ProcessApplicationContextInterceptor.java:70)
	at org.camunda.bpm.engine.impl.interceptor.CommandCounterInterceptor.execute(CommandCounterInterceptor.java:35)
	at org.camunda.bpm.engine.impl.interceptor.LogInterceptor.execute(LogInterceptor.java:33)
	at org.camunda.bpm.engine.impl.ProcessInstantiationBuilderImpl.executeWithVariablesInReturn(ProcessInstantiationBuilderImpl.java:166)
	at org.camunda.bpm.engine.impl.ProcessInstantiationBuilderImpl.execute(ProcessInstantiationBuilderImpl.java:132)
	at org.camunda.bpm.engine.impl.ProcessInstantiationBuilderImpl.execute(ProcessInstantiationBuilderImpl.java:128)
	at org.camunda.bpm.engine.impl.RuntimeServiceImpl.startProcessInstanceByKey(RuntimeServiceImpl.java:87)
	at at.fhv.ProjectApprovalIntegrationTest.testSubProcessStart(ProjectApprovalIntegrationTest.java:54)
	at java.base/jdk.internal.reflect.NativeMethodAccessorImpl.invoke0(Native Method)
	at java.base/jdk.internal.reflect.NativeMethodAccessorImpl.invoke(NativeMethodAccessorImpl.java:62)
	at java.base/jdk.internal.reflect.DelegatingMethodAccessorImpl.invoke(DelegatingMethodAccessorImpl.java:43)
	at java.base/java.lang.reflect.Method.invoke(Method.java:566)
	at org.junit.platform.commons.util.ReflectionUtils.invokeMethod(ReflectionUtils.java:686)
	at org.junit.jupiter.engine.execution.MethodInvocation.proceed(MethodInvocation.java:60)
	at org.junit.jupiter.engine.execution.InvocationInterceptorChain$ValidatingInvocation.proceed(InvocationInterceptorChain.java:131)
	at org.junit.jupiter.engine.extension.TimeoutExtension.intercept(TimeoutExtension.java:149)
	at org.junit.jupiter.engine.extension.TimeoutExtension.interceptTestableMethod(TimeoutExtension.java:140)
	at org.junit.jupiter.engine.extension.TimeoutExtension.interceptTestMethod(TimeoutExtension.java:84)
	at org.junit.jupiter.engine.execution.ExecutableInvoker$ReflectiveInterceptorCall.lambda$ofVoidMethod$0(ExecutableInvoker.java:115)
	at org.junit.jupiter.engine.execution.ExecutableInvoker.lambda$invoke$0(ExecutableInvoker.java:105)
	at org.junit.jupiter.engine.execution.InvocationInterceptorChain$InterceptedInvocation.proceed(InvocationInterceptorChain.java:106)
	at org.junit.jupiter.engine.execution.InvocationInterceptorChain.proceed(InvocationInterceptorChain.java:64)
	at org.junit.jupiter.engine.execution.InvocationInterceptorChain.chainAndInvoke(InvocationInterceptorChain.java:45)
	at org.junit.jupiter.engine.execution.InvocationInterceptorChain.invoke(InvocationInterceptorChain.java:37)
	at org.junit.jupiter.engine.execution.ExecutableInvoker.invoke(ExecutableInvoker.java:104)
	at org.junit.jupiter.engine.execution.ExecutableInvoker.invoke(ExecutableInvoker.java:98)
	at org.junit.jupiter.engine.descriptor.TestMethodTestDescriptor.lambda$invokeTestMethod$6(TestMethodTestDescriptor.java:212)
	at org.junit.platform.engine.support.hierarchical.ThrowableCollector.execute(ThrowableCollector.java:73)
	at org.junit.jupiter.engine.descriptor.TestMethodTestDescriptor.invokeTestMethod(TestMethodTestDescriptor.java:208)
	at org.junit.jupiter.engine.descriptor.TestMethodTestDescriptor.execute(TestMethodTestDescriptor.java:137)
	at org.junit.jupiter.engine.descriptor.TestMethodTestDescriptor.execute(TestMethodTestDescriptor.java:71)
	at org.junit.platform.engine.support.hierarchical.NodeTestTask.lambda$executeRecursively$5(NodeTestTask.java:135)
	at org.junit.platform.engine.support.hierarchical.ThrowableCollector.execute(ThrowableCollector.java:73)
	at org.junit.platform.engine.support.hierarchical.NodeTestTask.lambda$executeRecursively$7(NodeTestTask.java:125)
	at org.junit.platform.engine.support.hierarchical.Node.around(Node.java:135)
	at org.junit.platform.engine.support.hierarchical.NodeTestTask.lambda$executeRecursively$8(NodeTestTask.java:123)
	at org.junit.platform.engine.support.hierarchical.ThrowableCollector.execute(ThrowableCollector.java:73)
	at org.junit.platform.engine.support.hierarchical.NodeTestTask.executeRecursively(NodeTestTask.java:122)
	at org.junit.platform.engine.support.hierarchical.NodeTestTask.execute(NodeTestTask.java:80)
	at java.base/java.util.ArrayList.forEach(ArrayList.java:1541)
	at org.junit.platform.engine.support.hierarchical.SameThreadHierarchicalTestExecutorService.invokeAll(SameThreadHierarchicalTestExecutorService.java:38)
	at org.junit.platform.engine.support.hierarchical.NodeTestTask.lambda$executeRecursively$5(NodeTestTask.java:139)
	at org.junit.platform.engine.support.hierarchical.ThrowableCollector.execute(ThrowableCollector.java:73)
	at org.junit.platform.engine.support.hierarchical.NodeTestTask.lambda$executeRecursively$7(NodeTestTask.java:125)
	at org.junit.platform.engine.support.hierarchical.Node.around(Node.java:135)
	at org.junit.platform.engine.support.hierarchical.NodeTestTask.lambda$executeRecursively$8(NodeTestTask.java:123)
	at org.junit.platform.engine.support.hierarchical.ThrowableCollector.execute(ThrowableCollector.java:73)
	at org.junit.platform.engine.support.hierarchical.NodeTestTask.executeRecursively(NodeTestTask.java:122)
	at org.junit.platform.engine.support.hierarchical.NodeTestTask.execute(NodeTestTask.java:80)
	at java.base/java.util.ArrayList.forEach(ArrayList.java:1541)
	at org.junit.platform.engine.support.hierarchical.SameThreadHierarchicalTestExecutorService.invokeAll(SameThreadHierarchicalTestExecutorService.java:38)
	at org.junit.platform.engine.support.hierarchical.NodeTestTask.lambda$executeRecursively$5(NodeTestTask.java:139)
	at org.junit.platform.engine.support.hierarchical.ThrowableCollector.execute(ThrowableCollector.java:73)
	at org.junit.platform.engine.support.hierarchical.NodeTestTask.lambda$executeRecursively$7(NodeTestTask.java:125)
	at org.junit.platform.engine.support.hierarchical.Node.around(Node.java:135)
	at org.junit.platform.engine.support.hierarchical.NodeTestTask.lambda$executeRecursively$8(NodeTestTask.java:123)
	at org.junit.platform.engine.support.hierarchical.ThrowableCollector.execute(ThrowableCollector.java:73)
	at org.junit.platform.engine.support.hierarchical.NodeTestTask.executeRecursively(NodeTestTask.java:122)
	at org.junit.platform.engine.support.hierarchical.NodeTestTask.execute(NodeTestTask.java:80)
	at org.junit.platform.engine.support.hierarchical.SameThreadHierarchicalTestExecutorService.submit(SameThreadHierarchicalTestExecutorService.java:32)
	at org.junit.platform.engine.support.hierarchical.HierarchicalTestExecutor.execute(HierarchicalTestExecutor.java:57)
	at org.junit.platform.engine.support.hierarchical.HierarchicalTestEngine.execute(HierarchicalTestEngine.java:51)
	at org.junit.platform.launcher.core.DefaultLauncher.execute(DefaultLauncher.java:220)
	at org.junit.platform.launcher.core.DefaultLauncher.lambda$execute$6(DefaultLauncher.java:188)
	at org.junit.platform.launcher.core.DefaultLauncher.withInterceptedStreams(DefaultLauncher.java:202)
	at org.junit.platform.launcher.core.DefaultLauncher.execute(DefaultLauncher.java:181)
	at org.junit.platform.launcher.core.DefaultLauncher.execute(DefaultLauncher.java:128)
	at org.apache.maven.surefire.junitplatform.JUnitPlatformProvider.invokeAllTests(JUnitPlatformProvider.java:150)
	at org.apache.maven.surefire.junitplatform.JUnitPlatformProvider.invoke(JUnitPlatformProvider.java:124)
	at org.apache.maven.surefire.booter.ForkedBooter.invokeProviderInSameClassLoader(ForkedBooter.java:384)
	at org.apache.maven.surefire.booter.ForkedBooter.runSuitesInProcess(ForkedBooter.java:345)
	at org.apache.maven.surefire.booter.ForkedBooter.execute(ForkedBooter.java:126)
	at org.apache.maven.surefire.booter.ForkedBooter.main(ForkedBooter.java:418)
]]></system-out>
  </testcase>
</testsuite>